# JRE version: Java(TM) SE Runtime Environment (21.0.7+8) (build 21.0.7+8-LTS-245)
# Java VM: Java HotSpot(TM) 64-Bit Server VM (21.0.7+8-LTS-245, mixed mode, sharing, tiered, compressed oops, compressed class ptrs, parallel gc, windows-amd64)
GC Precious Log:
 CardTable entry size: 512
 CPUs: 12 total, 12 available
 Memory: 23882M
 Large Page Support: Disabled
 NUMA Support: Disabled
 Compressed Oops: Enabled (32-bit)
 Alignments: Space 512K, Generation 512K, Heap 2M
 Heap Min Capacity: 100M
 Heap Initial Capacity: 100M
 Heap Max Capacity: 2G
 Pre-touch: Disabled
 Parallel Workers: 10
Heap:
 PSYoungGen      total 25088K, used 15980K [0x00000000d5580000, 0x00000000d7900000, 0x0000000100000000)
  eden space 22016K, 59% used [0x00000000d5580000,0x00000000d624b018,0x00000000d6b00000)
  from space 3072K, 93% used [0x00000000d7600000,0x00000000d78d0000,0x00000000d7900000)
  to   space 5632K, 0% used [0x00000000d6e00000,0x00000000d6e00000,0x00000000d7380000)
 ParOldGen       total 68608K, used 29442K [0x0000000080000000, 0x0000000084300000, 0x00000000d5580000)
  object space 68608K, 42% used [0x0000000080000000,0x0000000081cc0860,0x0000000084300000)
 Metaspace       used 40842K, committed 41984K, reserved 1114112K
  class space    used 4230K, committed 4736K, reserved 1048576K
GC Heap History (20 events):
Event: 4.469 GC heap before
{Heap before GC invocations=9 (full 1):
 PSYoungGen      total 29696K, used 24576K [0x00000000d5580000, 0x00000000d7780000, 0x0000000100000000)
  eden space 24576K, 100% used [0x00000000d5580000,0x00000000d6d80000,0x00000000d6d80000)
  from space 5120K, 0% used [0x00000000d6e00000,0x00000000d6e00000,0x00000000d7300000)
  to   space 4608K, 0% used [0x00000000d7300000,0x00000000d7300000,0x00000000d7780000)
 ParOldGen       total 68608K, used 13196K [0x0000000080000000, 0x0000000084300000, 0x00000000d5580000)
  object space 68608K, 19% used [0x0000000080000000,0x0000000080ce3368,0x0000000084300000)
 Metaspace       used 22702K, committed 23680K, reserved 1114112K
  class space    used 2296K, committed 2752K, reserved 1048576K
}
Event: 4.470 GC heap after
{Heap after GC invocations=9 (full 1):
 PSYoungGen      total 25600K, used 1170K [0x00000000d5580000, 0x00000000d7480000, 0x0000000100000000)
  eden space 24064K, 0% used [0x00000000d5580000,0x00000000d5580000,0x00000000d6d00000)
  from space 1536K, 76% used [0x00000000d7300000,0x00000000d7424aa0,0x00000000d7480000)
  to   space 2560K, 0% used [0x00000000d6f80000,0x00000000d6f80000,0x00000000d7200000)
 ParOldGen       total 68608K, used 13204K [0x0000000080000000, 0x0000000084300000, 0x00000000d5580000)
  object space 68608K, 19% used [0x0000000080000000,0x0000000080ce5368,0x0000000084300000)
 Metaspace       used 22702K, committed 23680K, reserved 1114112K
  class space    used 2296K, committed 2752K, reserved 1048576K
}
Event: 4.676 GC heap before
{Heap before GC invocations=10 (full 1):
 PSYoungGen      total 25600K, used 25234K [0x00000000d5580000, 0x00000000d7480000, 0x0000000100000000)
  eden space 24064K, 100% used [0x00000000d5580000,0x00000000d6d00000,0x00000000d6d00000)
  from space 1536K, 76% used [0x00000000d7300000,0x00000000d7424aa0,0x00000000d7480000)
  to   space 2560K, 0% used [0x00000000d6f80000,0x00000000d6f80000,0x00000000d7200000)
 ParOldGen       total 68608K, used 13204K [0x0000000080000000, 0x0000000084300000, 0x00000000d5580000)
  object space 68608K, 19% used [0x0000000080000000,0x0000000080ce5368,0x0000000084300000)
 Metaspace       used 26340K, committed 27328K, reserved 1114112K
  class space    used 2559K, committed 3008K, reserved 1048576K
}
Event: 4.678 GC heap after
{Heap after GC invocations=10 (full 1):
 PSYoungGen      total 26112K, used 1335K [0x00000000d5580000, 0x00000000d7380000, 0x0000000100000000)
  eden space 23552K, 0% used [0x00000000d5580000,0x00000000d5580000,0x00000000d6c80000)
  from space 2560K, 52% used [0x00000000d6f80000,0x00000000d70cdcb8,0x00000000d7200000)
  to   space 1536K, 0% used [0x00000000d7200000,0x00000000d7200000,0x00000000d7380000)
 ParOldGen       total 68608K, used 13204K [0x0000000080000000, 0x0000000084300000, 0x00000000d5580000)
  object space 68608K, 19% used [0x0000000080000000,0x0000000080ce5368,0x0000000084300000)
 Metaspace       used 26340K, committed 27328K, reserved 1114112K
  class space    used 2559K, committed 3008K, reserved 1048576K
}
Event: 4.927 GC heap before
{Heap before GC invocations=11 (full 1):
 PSYoungGen      total 26112K, used 24887K [0x00000000d5580000, 0x00000000d7380000, 0x0000000100000000)
  eden space 23552K, 100% used [0x00000000d5580000,0x00000000d6c80000,0x00000000d6c80000)
  from space 2560K, 52% used [0x00000000d6f80000,0x00000000d70cdcb8,0x00000000d7200000)
  to   space 1536K, 0% used [0x00000000d7200000,0x00000000d7200000,0x00000000d7380000)
 ParOldGen       total 68608K, used 13204K [0x0000000080000000, 0x0000000084300000, 0x00000000d5580000)
  object space 68608K, 19% used [0x0000000080000000,0x0000000080ce5368,0x0000000084300000)
 Metaspace       used 28065K, committed 29056K, reserved 1114112K
  class space    used 2687K, committed 3136K, reserved 1048576K
}
Event: 4.930 GC heap after
{Heap after GC invocations=11 (full 1):
 PSYoungGen      total 24576K, used 1166K [0x00000000d5580000, 0x00000000d7380000, 0x0000000100000000)
  eden space 23040K, 0% used [0x00000000d5580000,0x00000000d5580000,0x00000000d6c00000)
  from space 1536K, 75% used [0x00000000d7200000,0x00000000d7323890,0x00000000d7380000)
  to   space 1536K, 0% used [0x00000000d7080000,0x00000000d7080000,0x00000000d7200000)
 ParOldGen       total 68608K, used 15755K [0x0000000080000000, 0x0000000084300000, 0x00000000d5580000)
  object space 68608K, 22% used [0x0000000080000000,0x0000000080f62cc0,0x0000000084300000)
 Metaspace       used 28065K, committed 29056K, reserved 1114112K
  class space    used 2687K, committed 3136K, reserved 1048576K
}
Event: 5.342 GC heap before
{Heap before GC invocations=12 (full 1):
 PSYoungGen      total 24576K, used 24206K [0x00000000d5580000, 0x00000000d7380000, 0x0000000100000000)
  eden space 23040K, 100% used [0x00000000d5580000,0x00000000d6c00000,0x00000000d6c00000)
  from space 1536K, 75% used [0x00000000d7200000,0x00000000d7323890,0x00000000d7380000)
  to   space 1536K, 0% used [0x00000000d7080000,0x00000000d7080000,0x00000000d7200000)
 ParOldGen       total 68608K, used 15755K [0x0000000080000000, 0x0000000084300000, 0x00000000d5580000)
  object space 68608K, 22% used [0x0000000080000000,0x0000000080f62cc0,0x0000000084300000)
 Metaspace       used 31539K, committed 32704K, reserved 1114112K
  class space    used 3039K, committed 3584K, reserved 1048576K
}
Event: 5.344 GC heap after
{Heap after GC invocations=12 (full 1):
 PSYoungGen      total 24064K, used 1521K [0x00000000d5580000, 0x00000000d7380000, 0x0000000100000000)
  eden space 22528K, 0% used [0x00000000d5580000,0x00000000d5580000,0x00000000d6b80000)
  from space 1536K, 99% used [0x00000000d7080000,0x00000000d71fc5b8,0x00000000d7200000)
  to   space 1536K, 0% used [0x00000000d7200000,0x00000000d7200000,0x00000000d7380000)
 ParOldGen       total 68608K, used 17810K [0x0000000080000000, 0x0000000084300000, 0x00000000d5580000)
  object space 68608K, 25% used [0x0000000080000000,0x0000000081164b18,0x0000000084300000)
 Metaspace       used 31539K, committed 32704K, reserved 1114112K
  class space    used 3039K, committed 3584K, reserved 1048576K
}
Event: 5.579 GC heap before
{Heap before GC invocations=13 (full 1):
 PSYoungGen      total 24064K, used 24049K [0x00000000d5580000, 0x00000000d7380000, 0x0000000100000000)
  eden space 22528K, 100% used [0x00000000d5580000,0x00000000d6b80000,0x00000000d6b80000)
  from space 1536K, 99% used [0x00000000d7080000,0x00000000d71fc5b8,0x00000000d7200000)
  to   space 1536K, 0% used [0x00000000d7200000,0x00000000d7200000,0x00000000d7380000)
 ParOldGen       total 68608K, used 17810K [0x0000000080000000, 0x0000000084300000, 0x00000000d5580000)
  object space 68608K, 25% used [0x0000000080000000,0x0000000081164b18,0x0000000084300000)
 Metaspace       used 34153K, committed 35392K, reserved 1114112K
  class space    used 3363K, committed 3904K, reserved 1048576K
}
Event: 5.583 GC heap after
{Heap after GC invocations=13 (full 1):
 PSYoungGen      total 23552K, used 1536K [0x00000000d5580000, 0x00000000d7380000, 0x0000000100000000)
  eden space 22016K, 0% used [0x00000000d5580000,0x00000000d5580000,0x00000000d6b00000)
  from space 1536K, 100% used [0x00000000d7200000,0x00000000d7380000,0x00000000d7380000)
  to   space 4096K, 0% used [0x00000000d6b80000,0x00000000d6b80000,0x00000000d6f80000)
 ParOldGen       total 68608K, used 19829K [0x0000000080000000, 0x0000000084300000, 0x00000000d5580000)
  object space 68608K, 28% used [0x0000000080000000,0x000000008135d678,0x0000000084300000)
 Metaspace       used 34153K, committed 35392K, reserved 1114112K
  class space    used 3363K, committed 3904K, reserved 1048576K
}
Event: 5.664 GC heap before
{Heap before GC invocations=14 (full 1):
 PSYoungGen      total 23552K, used 5415K [0x00000000d5580000, 0x00000000d7380000, 0x0000000100000000)
  eden space 22016K, 17% used [0x00000000d5580000,0x00000000d5949e00,0x00000000d6b00000)
  from space 1536K, 100% used [0x00000000d7200000,0x00000000d7380000,0x00000000d7380000)
  to   space 4096K, 0% used [0x00000000d6b80000,0x00000000d6b80000,0x00000000d6f80000)
 ParOldGen       total 68608K, used 19829K [0x0000000080000000, 0x0000000084300000, 0x00000000d5580000)
  object space 68608K, 28% used [0x0000000080000000,0x000000008135d678,0x0000000084300000)
 Metaspace       used 34666K, committed 35840K, reserved 1114112K
  class space    used 3422K, committed 3968K, reserved 1048576K
}
Event: 5.667 GC heap after
{Heap after GC invocations=14 (full 1):
 PSYoungGen      total 26112K, used 448K [0x00000000d5580000, 0x00000000d7280000, 0x0000000100000000)
  eden space 22016K, 0% used [0x00000000d5580000,0x00000000d5580000,0x00000000d6b00000)
  from space 4096K, 10% used [0x00000000d6b80000,0x00000000d6bf0000,0x00000000d6f80000)
  to   space 2048K, 0% used [0x00000000d7080000,0x00000000d7080000,0x00000000d7280000)
 ParOldGen       total 68608K, used 21329K [0x0000000080000000, 0x0000000084300000, 0x00000000d5580000)
  object space 68608K, 31% used [0x0000000080000000,0x00000000814d47b8,0x0000000084300000)
 Metaspace       used 34666K, committed 35840K, reserved 1114112K
  class space    used 3422K, committed 3968K, reserved 1048576K
}
Event: 5.667 GC heap before
{Heap before GC invocations=15 (full 2):
 PSYoungGen      total 26112K, used 448K [0x00000000d5580000, 0x00000000d7280000, 0x0000000100000000)
  eden space 22016K, 0% used [0x00000000d5580000,0x00000000d5580000,0x00000000d6b00000)
  from space 4096K, 10% used [0x00000000d6b80000,0x00000000d6bf0000,0x00000000d6f80000)
  to   space 2048K, 0% used [0x00000000d7080000,0x00000000d7080000,0x00000000d7280000)
 ParOldGen       total 68608K, used 21329K [0x0000000080000000, 0x0000000084300000, 0x00000000d5580000)
  object space 68608K, 31% used [0x0000000080000000,0x00000000814d47b8,0x0000000084300000)
 Metaspace       used 34666K, committed 35840K, reserved 1114112K
  class space    used 3422K, committed 3968K, reserved 1048576K
}
Event: 5.707 GC heap after
{Heap after GC invocations=15 (full 2):
 PSYoungGen      total 26112K, used 0K [0x00000000d5580000, 0x00000000d7280000, 0x0000000100000000)
  eden space 22016K, 0% used [0x00000000d5580000,0x00000000d5580000,0x00000000d6b00000)
  from space 4096K, 0% used [0x00000000d6b80000,0x00000000d6b80000,0x00000000d6f80000)
  to   space 2048K, 0% used [0x00000000d7080000,0x00000000d7080000,0x00000000d7280000)
 ParOldGen       total 68608K, used 19879K [0x0000000080000000, 0x0000000084300000, 0x00000000d5580000)
  object space 68608K, 28% used [0x0000000080000000,0x0000000081369c38,0x0000000084300000)
 Metaspace       used 34666K, committed 35840K, reserved 1114112K
  class space    used 3422K, committed 3968K, reserved 1048576K
}
Event: 6.114 GC heap before
{Heap before GC invocations=16 (full 2):
 PSYoungGen      total 26112K, used 22016K [0x00000000d5580000, 0x00000000d7280000, 0x0000000100000000)
  eden space 22016K, 100% used [0x00000000d5580000,0x00000000d6b00000,0x00000000d6b00000)
  from space 4096K, 0% used [0x00000000d6b80000,0x00000000d6b80000,0x00000000d6f80000)
  to   space 2048K, 0% used [0x00000000d7080000,0x00000000d7080000,0x00000000d7280000)
 ParOldGen       total 68608K, used 19879K [0x0000000080000000, 0x0000000084300000, 0x00000000d5580000)
  object space 68608K, 28% used [0x0000000080000000,0x0000000081369c38,0x0000000084300000)
 Metaspace       used 36593K, committed 37824K, reserved 1114112K
  class space    used 3681K, committed 4224K, reserved 1048576K
}
Event: 6.116 GC heap after
{Heap after GC invocations=16 (full 2):
 PSYoungGen      total 23552K, used 1309K [0x00000000d5580000, 0x00000000d7200000, 0x0000000100000000)
  eden space 22016K, 0% used [0x00000000d5580000,0x00000000d5580000,0x00000000d6b00000)
  from space 1536K, 85% used [0x00000000d7080000,0x00000000d71c7600,0x00000000d7200000)
  to   space 1536K, 0% used [0x00000000d6f00000,0x00000000d6f00000,0x00000000d7080000)
 ParOldGen       total 68608K, used 19887K [0x0000000080000000, 0x0000000084300000, 0x00000000d5580000)
  object space 68608K, 28% used [0x0000000080000000,0x000000008136bc38,0x0000000084300000)
 Metaspace       used 36593K, committed 37824K, reserved 1114112K
  class space    used 3681K, committed 4224K, reserved 1048576K
}
Event: 6.380 GC heap before
{Heap before GC invocations=17 (full 2):
 PSYoungGen      total 23552K, used 23325K [0x00000000d5580000, 0x00000000d7200000, 0x0000000100000000)
  eden space 22016K, 100% used [0x00000000d5580000,0x00000000d6b00000,0x00000000d6b00000)
  from space 1536K, 85% used [0x00000000d7080000,0x00000000d71c7600,0x00000000d7200000)
  to   space 1536K, 0% used [0x00000000d6f00000,0x00000000d6f00000,0x00000000d7080000)
 ParOldGen       total 68608K, used 19887K [0x0000000080000000, 0x0000000084300000, 0x00000000d5580000)
  object space 68608K, 28% used [0x0000000080000000,0x000000008136bc38,0x0000000084300000)
 Metaspace       used 37495K, committed 38656K, reserved 1114112K
  class space    used 3784K, committed 4288K, reserved 1048576K
}
Event: 6.386 GC heap after
{Heap after GC invocations=17 (full 2):
 PSYoungGen      total 23552K, used 1535K [0x00000000d5580000, 0x00000000d8100000, 0x0000000100000000)
  eden space 22016K, 0% used [0x00000000d5580000,0x00000000d5580000,0x00000000d6b00000)
  from space 1536K, 99% used [0x00000000d6f00000,0x00000000d707fcb0,0x00000000d7080000)
  to   space 11264K, 0% used [0x00000000d7600000,0x00000000d7600000,0x00000000d8100000)
 ParOldGen       total 68608K, used 27971K [0x0000000080000000, 0x0000000084300000, 0x00000000d5580000)
  object space 68608K, 40% used [0x0000000080000000,0x0000000081b50db0,0x0000000084300000)
 Metaspace       used 37495K, committed 38656K, reserved 1114112K
  class space    used 3784K, committed 4288K, reserved 1048576K
}
Event: 6.593 GC heap before
{Heap before GC invocations=18 (full 2):
 PSYoungGen      total 23552K, used 23551K [0x00000000d5580000, 0x00000000d8100000, 0x0000000100000000)
  eden space 22016K, 100% used [0x00000000d5580000,0x00000000d6b00000,0x00000000d6b00000)
  from space 1536K, 99% used [0x00000000d6f00000,0x00000000d707fcb0,0x00000000d7080000)
  to   space 11264K, 0% used [0x00000000d7600000,0x00000000d7600000,0x00000000d8100000)
 ParOldGen       total 68608K, used 27971K [0x0000000080000000, 0x0000000084300000, 0x00000000d5580000)
  object space 68608K, 40% used [0x0000000080000000,0x0000000081b50df0,0x0000000084300000)
 Metaspace       used 39252K, committed 40512K, reserved 1114112K
  class space    used 4037K, committed 4608K, reserved 1048576K
}
Event: 6.595 GC heap after
{Heap after GC invocations=18 (full 2):
 PSYoungGen      total 25088K, used 2880K [0x00000000d5580000, 0x00000000d7900000, 0x0000000100000000)
  eden space 22016K, 0% used [0x00000000d5580000,0x00000000d5580000,0x00000000d6b00000)
  from space 3072K, 93% used [0x00000000d7600000,0x00000000d78d0000,0x00000000d7900000)
  to   space 5632K, 0% used [0x00000000d6e00000,0x00000000d6e00000,0x00000000d7380000)
 ParOldGen       total 68608K, used 29442K [0x0000000080000000, 0x0000000084300000, 0x00000000d5580000)
  object space 68608K, 42% used [0x0000000080000000,0x0000000081cc0860,0x0000000084300000)
 Metaspace       used 39252K, committed 40512K, reserved 1114112K
  class space    used 4037K, committed 4608K, reserved 1048576K
}

